<?xml version="1.0" encoding="UTF-8"?>
<testng-results ignored="0" total="2" passed="2" failed="0" skipped="0">
  <reporter-output>
  </reporter-output>
  <suite started-at="2025-03-11T22:21:27 IST" name="Default Suite" finished-at="2025-03-11T22:21:30 IST" duration-ms="3519">
    <groups>
    </groups>
    <test started-at="2025-03-11T22:21:27 IST" name="RestAssuredProject1" finished-at="2025-03-11T22:21:30 IST" duration-ms="3519">
      <class name="APITest">
        <test-method signature="test1()[pri:0, instance:APITest@b62fe6d]" started-at="2025-03-11T22:21:27 IST" name="test1" finished-at="2025-03-11T22:21:29 IST" duration-ms="2057" status="PASS">
          <reporter-output>
          </reporter-output>
        </test-method> <!-- test1 -->
        <test-method signature="test2()[pri:0, instance:APITest@b62fe6d]" started-at="2025-03-11T22:21:29 IST" name="test2" finished-at="2025-03-11T22:21:30 IST" duration-ms="1428" status="PASS">
          <reporter-output>
          </reporter-output>
        </test-method> <!-- test2 -->
      </class> <!-- APITest -->
    </test> <!-- RestAssuredProject1 -->
  </suite> <!-- Default Suite -->
</testng-results>
